<?xml version="1.0" encoding="UTF-8"?>
<!-- Generated by org.testng.reporters.JUnitReportReporter -->
<testsuite hostname="DESKTOP-CPJVQ9L" name="testing.test.test2" tests="1" failures="0" timestamp="8 Jan 2021 13:34:14 GMT" time="0.092" errors="0">
  <testcase name="ftest2" time="0.092" classname="testing.test.test2"/>
</testsuite> <!-- testing.test.test2 -->
